D:\\Gunjan\\Selenium\\geckodriver: error: Found argument '--websocket-port' which wasn't expected, or isn't valid in this context

USAGE:
    geckodriver [FLAGS] [OPTIONS]

For more information try --help

D:\Gunjan\Selenium\geckodriver: error: Found argument '--websocket-port' which wasn't expected, or isn't valid in this context

USAGE:
    geckodriver [FLAGS] [OPTIONS]

For more information try --help

1646456602322	geckodriver	INFO	Listening on 127.0.0.1:64112
1646456605407	mozrunner::runner	INFO	Running command: "C:\\Program Files\\Mozilla Firefox\\firefox.exe" "--marionette" "--remote-debugging-port" "64113" "-no-remote" "-profile" "C:\\Users\\GUNJAN~1\\AppData\\Local\\Temp\\rust_mozprofileQNxBnS"
1646456605975	Marionette	INFO	Marionette enabled
console.warn: SearchSettings: "get: No settings file exists, new profile?" (new NotFoundError("Could not open the file at C:\\Users\\Gunjan Kaushik\\AppData\\Local\\Temp\\rust_mozprofileQNxBnS\\search.json.mozlz4", (void 0)))
DevTools listening on ws://localhost:64113/devtools/browser/1e829c96-792b-4155-9cdb-4d7ccaf3ac4a
1646456608461	Marionette	INFO	Listening on port 64118
1646456608626	RemoteAgent	WARN	TLS certificate errors will be ignored for this session
1646456611159	Marionette	INFO	Stopped listening on port 64118

###!!! [Child][PContentChild] Error: RunMessage(msgname=PHttpChannel::Msg_DeleteSelf) Channel closing: too late to send/recv, messages will be lost


###!!! [Parent][PContentParent] Error: Send(msgname=PContent::Msg_DestroyBrowsingContextGroup) Closed channel: cannot send/recv


###!!! [Child][PContentChild] Error: RunMessage(msgname=PHttpChannel::Msg_DeleteSelf) Channel closing: too late to send/recv, messages will be lost


###!!! [Child][PContentChild] Error: Send(msgname=PContent::Msg_ScriptError) Channel closing: too late to send/recv, messages will be lost


###!!! [Child][PContentChild] Error: RunMessage(msgname=PHttpChannel::Msg_DeleteSelf) Channel closing: too late to send/recv, messages will be lost


###!!! [Child][PContentChild] Error: RunMessage(msgname=PHttpChannel::Msg_DeleteSelf) Channel closing: too late to send/recv, messages will be lost


###!!! [Child][PContentChild] Error: RunMessage(msgname=PHttpChannel::Msg_DeleteSelf) Channel closing: too late to send/recv, messages will be lost

JavaScript error: resource://gre/modules/Sqlite.jsm, line 1105: Error: Sqlite.jsm has been shutdown. Cannot open connection to: C:\Users\Gunjan Kaushik\AppData\Local\Temp\rust_mozprofileQNxBnS\protections.sqlite

###!!! [Child][PContentChild] Error: RunMessage(msgname=PHttpChannel::Msg_DeleteSelf) Channel closing: too late to send/recv, messages will be lost


###!!! [Child][PContentChild] Error: Send(msgname=PContent::Msg_ScriptError) Channel closing: too late to send/recv, messages will be lost


###!!! [Child][PContentChild] Error: RunMessage(msgname=PHttpChannel::Msg_DeleteSelf) Channel closing: too late to send/recv, messages will be lost


###!!! [Child][PContentChild] Error: Send(msgname=PContent::Msg_ScriptError) Channel closing: too late to send/recv, messages will be lost


###!!! [Child][PContentChild] Error: RunMessage(msgname=PHttpChannel::Msg_DeleteSelf) Channel closing: too late to send/recv, messages will be lost


###!!! [Child][PContentChild] Error: RunMessage(msgname=PHttpChannel::Msg_DeleteSelf) Channel closing: too late to send/recv, messages will be lost


###!!! [Child][PContentChild] Error: RunMessage(msgname=PHttpChannel::Msg_DeleteSelf) Channel closing: too late to send/recv, messages will be lost


###!!! [Child][PContentChild] Error: Send(msgname=PBrowser::Msg___delete__) Channel closing: too late to send/recv, messages will be lost

1646461955891	geckodriver	INFO	Listening on 127.0.0.1:57833
1646461959000	mozrunner::runner	INFO	Running command: "C:\\Program Files\\Mozilla Firefox\\firefox.exe" "--marionette" "--remote-debugging-port" "57834" "-no-remote" "-profile" "C:\\Users\\GUNJAN~1\\AppData\\Local\\Temp\\rust_mozprofileRTCk9n"
1646461959678	Marionette	INFO	Marionette enabled
console.warn: SearchSettings: "get: No settings file exists, new profile?" (new NotFoundError("Could not open the file at C:\\Users\\Gunjan Kaushik\\AppData\\Local\\Temp\\rust_mozprofileRTCk9n\\search.json.mozlz4", (void 0)))
DevTools listening on ws://localhost:57834/devtools/browser/f10fa484-f6ec-4198-9ce8-76c24d32f4c4
1646461962356	Marionette	INFO	Listening on port 57839
1646461962757	RemoteAgent	WARN	TLS certificate errors will be ignored for this session
1646461970248	Marionette	INFO	Stopped listening on port 57839

###!!! [Child][PContentChild] Error: RunMessage(msgname=PContent::Msg_DestroyBrowsingContextGroup) Channel closing: too late to send/recv, messages will be lost


###!!! [Child][PContentChild] Error: RunMessage(msgname=PContent::Reply_DiscardBrowsingContext) Channel closing: too late to send/recv, messages will be lost


###!!! [Child][PContentChild] Error: RunMessage(msgname=PHttpChannel::Msg_DeleteSelf) Channel closing: too late to send/recv, messages will be lost


###!!! [Child][PContentChild] Error: RunMessage(msgname=PHttpChannel::Msg_DeleteSelf) Channel closing: too late to send/recv, messages will be lost

1646461998403	geckodriver	INFO	Listening on 127.0.0.1:57954
1646462001466	mozrunner::runner	INFO	Running command: "C:\\Program Files\\Mozilla Firefox\\firefox.exe" "--marionette" "--remote-debugging-port" "57955" "-no-remote" "-profile" "C:\\Users\\GUNJAN~1\\AppData\\Local\\Temp\\rust_mozprofile5m6Ids"
1646462001972	Marionette	INFO	Marionette enabled
console.warn: SearchSettings: "get: No settings file exists, new profile?" (new NotFoundError("Could not open the file at C:\\Users\\Gunjan Kaushik\\AppData\\Local\\Temp\\rust_mozprofile5m6Ids\\search.json.mozlz4", (void 0)))
DevTools listening on ws://localhost:57955/devtools/browser/c1fcb563-9599-43d5-9207-f921dd7d9728
1646462004500	Marionette	INFO	Listening on port 57960
1646462004709	RemoteAgent	WARN	TLS certificate errors will be ignored for this session
1646462006592	Marionette	INFO	Stopped listening on port 57960
JavaScript error: resource://gre/modules/UrlClassifierListManager.jsm, line 691: TypeError: this.tablesData[table] is undefined
JavaScript error: resource://gre/modules/Sqlite.jsm, line 1105: Error: Sqlite.jsm has been shutdown. Cannot open connection to: C:\Users\Gunjan Kaushik\AppData\Local\Temp\rust_mozprofile5m6Ids\protections.sqlite
1646462374881	geckodriver	INFO	Listening on 127.0.0.1:57158
1646462378005	mozrunner::runner	INFO	Running command: "C:\\Program Files\\Mozilla Firefox\\firefox.exe" "--marionette" "--remote-debugging-port" "57159" "-no-remote" "-profile" "C:\\Users\\GUNJAN~1\\AppData\\Local\\Temp\\rust_mozprofile1rZMV1"
1646462378647	Marionette	INFO	Marionette enabled
console.warn: SearchSettings: "get: No settings file exists, new profile?" (new NotFoundError("Could not open the file at C:\\Users\\Gunjan Kaushik\\AppData\\Local\\Temp\\rust_mozprofile1rZMV1\\search.json.mozlz4", (void 0)))
DevTools listening on ws://localhost:57159/devtools/browser/e0e652cf-8cba-4182-af7d-50bece21a84a
1646462381096	Marionette	INFO	Listening on port 57166
1646462381242	RemoteAgent	WARN	TLS certificate errors will be ignored for this session
1646462387164	Marionette	INFO	Stopped listening on port 57166
console.warn: TopSitesFeed: Failed to fetch data from Contile server: NetworkError when attempting to fetch resource.

###!!! [Child][PContentChild] Error: Send(msgname=PHttpChannel::Msg_DeletingChannel) Channel closing: too late to send/recv, messages will be lost


###!!! [Child][PContentChild] Error: Send(msgname=PHttpChannel::Msg_Cancel) Channel closing: too late to send/recv, messages will be lost


###!!! [Child][PContentChild] Error: Send(msgname=PHttpChannel::Msg_DeletingChannel) Channel closing: too late to send/recv, messages will be lost


###!!! [Child][PContentChild] Error: Send(msgname=PHttpChannel::Msg_Cancel) Channel closing: too late to send/recv, messages will be lost


###!!! [Child][PContentChild] Error: Send(msgname=PHttpChannel::Msg_DeletingChannel) Channel closing: too late to send/recv, messages will be lost


###!!! [Child][PContentChild] Error: Send(msgname=PHttpChannel::Msg_Cancel) Channel closing: too late to send/recv, messages will be lost


###!!! [Child][PContentChild] Error: Send(msgname=PHttpChannel::Msg_DeletingChannel) Channel closing: too late to send/recv, messages will be lost


###!!! [Child][PContentChild] Error: RunMessage(msgname=PHttpChannel::Msg_DeleteSelf) Channel closing: too late to send/recv, messages will be lost


###!!! [Child][PContentChild] Error: RunMessage(msgname=PSessionStorageObserver::Msg_Observe) Channel closing: too late to send/recv, messages will be lost


###!!! [Child][PContentChild] Error: RunMessage(msgname=PHttpChannel::Msg_DeleteSelf) Channel closing: too late to send/recv, messages will be lost

1646462445326	geckodriver	INFO	Listening on 127.0.0.1:57325
1646462448416	mozrunner::runner	INFO	Running command: "C:\\Program Files\\Mozilla Firefox\\firefox.exe" "--marionette" "--remote-debugging-port" "57326" "-no-remote" "-profile" "C:\\Users\\GUNJAN~1\\AppData\\Local\\Temp\\rust_mozprofileXfu0OQ"
1646462448962	Marionette	INFO	Marionette enabled
console.warn: SearchSettings: "get: No settings file exists, new profile?" (new NotFoundError("Could not open the file at C:\\Users\\Gunjan Kaushik\\AppData\\Local\\Temp\\rust_mozprofileXfu0OQ\\search.json.mozlz4", (void 0)))
DevTools listening on ws://localhost:57326/devtools/browser/1ac0133e-1cee-4a1b-a037-9bc148fd2027
1646462451332	Marionette	INFO	Listening on port 57333
1646462451657	RemoteAgent	WARN	TLS certificate errors will be ignored for this session
1646462533268	Marionette	INFO	Stopped listening on port 57333
console.warn: TopSitesFeed: Failed to fetch data from Contile server: NetworkError when attempting to fetch resource.

###!!! [Child][PContentChild] Error: Send(msgname=PHttpChannel::Msg_DeletingChannel) Channel closing: too late to send/recv, messages will be lost


###!!! [Child][PContentChild] Error: Send(msgname=PHttpChannel::Msg_Cancel) Channel closing: too late to send/recv, messages will be lost


###!!! [Child][PContentChild] Error: Send(msgname=PHttpChannel::Msg_DeletingChannel) Channel closing: too late to send/recv, messages will be lost


###!!! [Child][PContentChild] Error: RunMessage(msgname=PHttpChannel::Msg_DeleteSelf) Channel closing: too late to send/recv, messages will be lost


###!!! [Child][PContentChild] Error: RunMessage(msgname=PHttpChannel::Msg_DeleteSelf) Channel closing: too late to send/recv, messages will be lost

1646462554117	geckodriver	INFO	Listening on 127.0.0.1:57528
1646462557211	mozrunner::runner	INFO	Running command: "C:\\Program Files\\Mozilla Firefox\\firefox.exe" "--marionette" "--remote-debugging-port" "57529" "-no-remote" "-profile" "C:\\Users\\GUNJAN~1\\AppData\\Local\\Temp\\rust_mozprofileCmiIWY"
1646462557668	Marionette	INFO	Marionette enabled
console.warn: SearchSettings: "get: No settings file exists, new profile?" (new NotFoundError("Could not open the file at C:\\Users\\Gunjan Kaushik\\AppData\\Local\\Temp\\rust_mozprofileCmiIWY\\search.json.mozlz4", (void 0)))
DevTools listening on ws://localhost:57529/devtools/browser/569ff216-9f87-4bb8-b1cf-fb50d9063ef1
1646462560322	Marionette	INFO	Listening on port 57536
1646462560434	RemoteAgent	WARN	TLS certificate errors will be ignored for this session
1646462577164	Marionette	INFO	Stopped listening on port 57536
console.warn: TopSitesFeed: Failed to fetch data from Contile server: NetworkError when attempting to fetch resource.

###!!! [Child][PContentChild] Error: Send(msgname=PHttpChannel::Msg_DeletingChannel) Channel closing: too late to send/recv, messages will be lost


###!!! [Child][PContentChild] Error: Send(msgname=PHttpChannel::Msg_Cancel) Channel closing: too late to send/recv, messages will be lost


###!!! [Child][PContentChild] Error: Send(msgname=PHttpChannel::Msg_DeletingChannel) Channel closing: too late to send/recv, messages will be lost


###!!! [Child][PContentChild] Error: Send(msgname=PHttpChannel::Msg_Cancel) Channel closing: too late to send/recv, messages will be lost


###!!! [Child][PContentChild] Error: Send(msgname=PHttpChannel::Msg_DeletingChannel) Channel closing: too late to send/recv, messages will be lost


###!!! [Child][PContentChild] Error: Send(msgname=PHttpChannel::Msg_Cancel) Channel closing: too late to send/recv, messages will be lost


###!!! [Child][PContentChild] Error: Send(msgname=PHttpChannel::Msg_DeletingChannel) Channel closing: too late to send/recv, messages will be lost


###!!! [Child][PContentChild] Error: RunMessage(msgname=PContent::Reply_DiscardBrowsingContext) Channel closing: too late to send/recv, messages will be lost


###!!! [Child][PContentChild] Error: RunMessage(msgname=PContent::Reply_DiscardBrowsingContext) Channel closing: too late to send/recv, messages will be lost


###!!! [Child][PContentChild] Error: RunMessage(msgname=PContent::Msg_DestroyBrowsingContextGroup) Channel closing: too late to send/recv, messages will be lost


###!!! [Child][PContentChild] Error: RunMessage(msgname=PContent::Reply_DiscardBrowsingContext) Channel closing: too late to send/recv, messages will be lost


###!!! [Child][PContentChild] Error: RunMessage(msgname=PHttpChannel::Msg_DeleteSelf) Channel closing: too late to send/recv, messages will be lost

1646463001949	geckodriver	INFO	Listening on 127.0.0.1:58205
1646463005095	mozrunner::runner	INFO	Running command: "C:\\Program Files\\Mozilla Firefox\\firefox.exe" "--marionette" "--remote-debugging-port" "58206" "-no-remote" "-profile" "C:\\Users\\GUNJAN~1\\AppData\\Local\\Temp\\rust_mozprofileIWSIj4"
1646463052646	geckodriver	INFO	Listening on 127.0.0.1:58359
1646463055742	mozrunner::runner	INFO	Running command: "C:\\Program Files\\Mozilla Firefox\\firefox.exe" "--marionette" "--remote-debugging-port" "58360" "-no-remote" "-profile" "C:\\Users\\GUNJAN~1\\AppData\\Local\\Temp\\rust_mozprofile8GR8d8"
1646463056241	Marionette	INFO	Marionette enabled
console.warn: SearchSettings: "get: No settings file exists, new profile?" (new NotFoundError("Could not open the file at C:\\Users\\Gunjan Kaushik\\AppData\\Local\\Temp\\rust_mozprofile8GR8d8\\search.json.mozlz4", (void 0)))
DevTools listening on ws://localhost:58360/devtools/browser/e266d492-bfcf-4d73-b115-ae1443bb8b08
1646463058748	Marionette	INFO	Listening on port 58368
1646463058991	RemoteAgent	WARN	TLS certificate errors will be ignored for this session
1646463084543	Marionette	INFO	Stopped listening on port 58368
console.warn: TopSitesFeed: Failed to fetch data from Contile server: NetworkError when attempting to fetch resource.
1646463087408	geckodriver	INFO	Listening on 127.0.0.1:58515
1646463090504	mozrunner::runner	INFO	Running command: "C:\\Program Files\\Mozilla Firefox\\firefox.exe" "--marionette" "--remote-debugging-port" "58516" "-no-remote" "-profile" "C:\\Users\\GUNJAN~1\\AppData\\Local\\Temp\\rust_mozprofile9nbuTl"
1646463090918	Marionette	INFO	Marionette enabled
console.warn: SearchSettings: "get: No settings file exists, new profile?" (new NotFoundError("Could not open the file at C:\\Users\\Gunjan Kaushik\\AppData\\Local\\Temp\\rust_mozprofile9nbuTl\\search.json.mozlz4", (void 0)))
DevTools listening on ws://localhost:58516/devtools/browser/d95062d8-814d-4761-807d-066120a429dd
1646463093485	Marionette	INFO	Listening on port 58524
1646463093749	RemoteAgent	WARN	TLS certificate errors will be ignored for this session
1646463109911	Marionette	INFO	Stopped listening on port 58524
console.warn: TopSitesFeed: Failed to fetch data from Contile server: NetworkError when attempting to fetch resource.

###!!! [Child][PContentChild] Error: Send(msgname=PHttpChannel::Msg_DeletingChannel) Channel closing: too late to send/recv, messages will be lost


###!!! [Child][PContentChild] Error: Send(msgname=PHttpChannel::Msg_DeletingChannel) Channel closing: too late to send/recv, messages will be lost


###!!! [Child][PContentChild] Error: Send(msgname=PHttpChannel::Msg_RemoveCorsPreflightCacheEntry) Channel closing: too late to send/recv, messages will be lost


###!!! [Child][PContentChild] Error: Send(msgname=PHttpChannel::Msg_Cancel) Channel closing: too late to send/recv, messages will be lost


###!!! [Child][PContentChild] Error: Send(msgname=PContent::Msg_ReportFrameTimingData) Channel closing: too late to send/recv, messages will be lost


###!!! [Child][PContentChild] Error: Send(msgname=PHttpChannel::Msg_DeletingChannel) Channel closing: too late to send/recv, messages will be lost


###!!! [Child][PContentChild] Error: Send(msgname=PHttpChannel::Msg_Cancel) Channel closing: too late to send/recv, messages will be lost


###!!! [Child][PContentChild] Error: Send(msgname=PHttpChannel::Msg_DeletingChannel) Channel closing: too late to send/recv, messages will be lost


###!!! [Child][PContentChild] Error: Send(msgname=PHttpChannel::Msg_Cancel) Channel closing: too late to send/recv, messages will be lost


###!!! [Child][PContentChild] Error: Send(msgname=PHttpChannel::Msg_DeletingChannel) Channel closing: too late to send/recv, messages will be lost


###!!! [Child][PContentChild] Error: Send(msgname=PHttpChannel::Msg_Cancel) Channel closing: too late to send/recv, messages will be lost


###!!! [Child][PContentChild] Error: Send(msgname=PHttpChannel::Msg_DeletingChannel) Channel closing: too late to send/recv, messages will be lost

1646463416571	geckodriver	INFO	Listening on 127.0.0.1:58961
1646463419705	mozrunner::runner	INFO	Running command: "C:\\Program Files\\Mozilla Firefox\\firefox.exe" "--marionette" "--remote-debugging-port" "58962" "-no-remote" "-profile" "C:\\Users\\GUNJAN~1\\AppData\\Local\\Temp\\rust_mozprofile4LQJvz"
1646463420181	Marionette	INFO	Marionette enabled
console.warn: SearchSettings: "get: No settings file exists, new profile?" (new NotFoundError("Could not open the file at C:\\Users\\Gunjan Kaushik\\AppData\\Local\\Temp\\rust_mozprofile4LQJvz\\search.json.mozlz4", (void 0)))
DevTools listening on ws://localhost:58962/devtools/browser/4636ad61-0e12-426b-8192-4bc2564cfb43
1646463422673	Marionette	INFO	Listening on port 58969
1646463422951	RemoteAgent	WARN	TLS certificate errors will be ignored for this session
1646463436328	Marionette	INFO	Stopped listening on port 58969
console.warn: TopSitesFeed: Failed to fetch data from Contile server: NetworkError when attempting to fetch resource.

###!!! [Child][PContentChild] Error: RunMessage(msgname=PHttpChannel::Msg_FailedAsyncOpen) Channel closing: too late to send/recv, messages will be lost


###!!! [Child][PContentChild] Error: RunMessage(msgname=PWebSocket::Msg_OnStop) Channel closing: too late to send/recv, messages will be lost


###!!! [Child][PContentChild] Error: RunMessage(msgname=PSessionStorageObserver::Msg_Observe) Channel closing: too late to send/recv, messages will be lost


###!!! [Child][PContentChild] Error: Send(msgname=PHttpChannel::Msg_Cancel) Channel closing: too late to send/recv, messages will be lost


###!!! [Child][PContentChild] Error: Send(msgname=PHttpChannel::Msg_DeletingChannel) Channel closing: too late to send/recv, messages will be lost


###!!! [Child][PContentChild] Error: Send(msgname=PHttpChannel::Msg_Cancel) Channel closing: too late to send/recv, messages will be lost


###!!! [Child][PContentChild] Error: Send(msgname=PHttpChannel::Msg_DeletingChannel) Channel closing: too late to send/recv, messages will be lost


###!!! [Child][PContentChild] Error: Send(msgname=PHttpChannel::Msg_Cancel) Channel closing: too late to send/recv, messages will be lost


###!!! [Child][PContentChild] Error: Send(msgname=PHttpChannel::Msg_DeletingChannel) Channel closing: too late to send/recv, messages will be lost


###!!! [Child][PContentChild] Error: RunMessage(msgname=PContent::Msg_DestroyBrowsingContextGroup) Channel closing: too late to send/recv, messages will be lost


###!!! [Child][PContentChild] Error: RunMessage(msgname=PContent::Reply_DiscardBrowsingContext) Channel closing: too late to send/recv, messages will be lost

1646463638447	geckodriver	INFO	Listening on 127.0.0.1:59339
1646463641567	mozrunner::runner	INFO	Running command: "C:\\Program Files\\Mozilla Firefox\\firefox.exe" "--marionette" "--remote-debugging-port" "59340" "-no-remote" "-profile" "C:\\Users\\GUNJAN~1\\AppData\\Local\\Temp\\rust_mozprofile0yYXhl"
1646463642245	Marionette	INFO	Marionette enabled
console.warn: SearchSettings: "get: No settings file exists, new profile?" (new NotFoundError("Could not open the file at C:\\Users\\Gunjan Kaushik\\AppData\\Local\\Temp\\rust_mozprofile0yYXhl\\search.json.mozlz4", (void 0)))
DevTools listening on ws://localhost:59340/devtools/browser/53d3f11e-ad5d-48e2-a518-d763ae456da0
1646463644977	Marionette	INFO	Listening on port 59349
1646463645400	RemoteAgent	WARN	TLS certificate errors will be ignored for this session
1646548958219	Marionette	INFO	Stopped listening on port 59349
console.warn: TopSitesFeed: Failed to fetch data from Contile server: NetworkError when attempting to fetch resource.

###!!! [Child][PContentChild] Error: RunMessage(msgname=PContent::Reply_DiscardBrowsingContext) Channel closing: too late to send/recv, messages will be lost


###!!! [Child][PContentChild] Error: RunMessage(msgname=PContent::Msg_DestroyBrowsingContextGroup) Channel closing: too late to send/recv, messages will be lost


###!!! [Child][PContentChild] Error: RunMessage(msgname=PContent::Reply_DiscardBrowsingContext) Channel closing: too late to send/recv, messages will be lost


###!!! [Child][PContentChild] Error: RunMessage(msgname=PHttpChannel::Msg_DeleteSelf) Channel closing: too late to send/recv, messages will be lost


###!!! [Child][PContentChild] Error: RunMessage(msgname=PHttpChannel::Msg_DeleteSelf) Channel closing: too late to send/recv, messages will be lost

ing to fetch resource.

###!!! [Child][PContentChild] Error: Send(msgname=PHttpChannel::Msg_Cancel) Channel closing: too late to send/recv, messages will be lost


###!!! [Child][PContentChild] Error: Send(msgname=PHttpChannel::Msg_DeletingChannel) Channel closing: too late to send/recv, messages will be lost


###!!! [Child][PContentChild] Error: Send(msgname=PHttpChannel::Msg_Cancel) Channel closing: too late to send/recv, messages will be lost


###!!! [Child][PContentChild] Error: Send(msgname=PHttpChannel::Msg_DeletingChannel) Channel closing: too late to send/recv, messages will be lost


###!!! [Child][PContentChild] Error: RunMessage(msgname=PContent::Reply_DiscardBrowsingContext) Channel closing: too late to send/recv, messages will be lost


###!!! [Child][PContentChild] Error: RunMessage(msgname=PContent::Msg_DestroyBrowsingContextGroup) Channel closing: too late to send/recv, messages will be lost


###!!! [Child][PContentChild] Error: RunMessage(msgname=PContent::Reply_DiscardBrowsingContext) Channel closing: too late to send/recv, messages will be lost


###!!! [Child][PContentChild] Error: RunMessage(msgname=PHttpChannel::Msg_DeleteSelf) Channel closing: too late to send/recv, messages will be lost


###!!! [Child][PContentChild] Error: RunMessage(msgname=PHttpChannel::Msg_DeleteSelf) Channel closing: too late to send/recv, messages will be lost

1646556094072	geckodriver	INFO	Listening on 127.0.0.1:64687
1646556097242	mozrunner::runner	INFO	Running command: "C:\\Program Files\\Mozilla Firefox\\firefox.exe" "--marionette" "--remote-debugging-port" "64688" "-no-remote" "-profile" "C:\\Users\\GUNJAN~1\\AppData\\Local\\Temp\\rust_mozprofileHnBGU0"
1646556098048	Marionette	INFO	Marionette enabled
console.warn: SearchSettings: "get: No settings file exists, new profile?" (new NotFoundError("Could not open the file at C:\\Users\\Gunjan Kaushik\\AppData\\Local\\Temp\\rust_mozprofileHnBGU0\\search.json.mozlz4", (void 0)))
DevTools listening on ws://localhost:64688/devtools/browser/e74b9e43-0937-4d51-85bb-7733befb3109
1646556100491	Marionette	INFO	Listening on port 64694
1646556100994	RemoteAgent	WARN	TLS certificate errors will be ignored for this session
1646556105286	Marionette	INFO	Stopped listening on port 64694

###!!! [Parent][PContentParent] Error: Send(msgname=PContent::Msg_DestroyBrowsingContextGroup) Closed channel: cannot send/recv

JavaScript error: resource://gre/modules/Sqlite.jsm, line 1105: Error: Sqlite.jsm has been shutdown. Cannot open connection to: C:\Users\Gunjan Kaushik\AppData\Local\Temp\rust_mozprofileHnBGU0\protections.sqlite

###!!! [Child][PContentChild] Error: Send(msgname=PHttpChannel::Msg_RemoveCorsPreflightCacheEntry) Channel closing: too late to send/recv, messages will be lost


###!!! [Child][PContentChild] Error: Send(msgname=PHttpChannel::Msg_DeletingChannel) Channel closing: too late to send/recv, messages will be lost


###!!! [Child][PContentChild] Error: Send(msgname=PHttpChannel::Msg_DeletingChannel) Channel closing: too late to send/recv, messages will be lost


###!!! [Child][PContentChild] Error: Send(msgname=PHttpChannel::Msg_DeletingChannel) Channel closing: too late to send/recv, messages will be lost


###!!! [Child][PContentChild] Error: Send(msgname=PHttpChannel::Msg_Cancel) Channel closing: too late to send/recv, messages will be lost


###!!! [Child][PContentChild] Error: Send(msgname=PHttpChannel::Msg_DeletingChannel) Channel closing: too late to send/recv, messages will be lost


###!!! [Child][PContentChild] Error: Send(msgname=PHttpChannel::Msg_Cancel) Channel closing: too late to send/recv, messages will be lost


###!!! [Child][PContentChild] Error: Send(msgname=PHttpChannel::Msg_DeletingChannel) Channel closing: too late to send/recv, messages will be lost


###!!! [Child][PContentChild] Error: Send(msgname=PHttpChannel::Msg_DeletingChannel) Channel closing: too late to send/recv, messages will be lost


###!!! [Child][PContentChild] Error: Send(msgname=PHttpChannel::Msg_DeletingChannel) Channel closing: too late to send/recv, messages will be lost


###!!! [Child][PContentChild] Error: Send(msgname=PHttpChannel::Msg_DeletingChannel) Channel closing: too late to send/recv, messages will be lost


###!!! [Child][PContentChild] Error: Send(msgname=PHttpChannel::Msg_DeletingChannel) Channel closing: too late to send/recv, messages will be lost


###!!! [Child][PContentChild] Error: Send(msgname=PHttpChannel::Msg_DeletingChannel) Channel closing: too late to send/recv, messages will be lost


###!!! [Child][PContentChild] Error: Send(msgname=PHttpChannel::Msg_RemoveCorsPreflightCacheEntry) Channel closing: too late to send/recv, messages will be lost


###!!! [Child][PContentChild] Error: Send(msgname=PHttpChannel::Msg_DeletingChannel) Channel closing: too late to send/recv, messages will be lost


###!!! [Child][PContentChild] Error: RunMessage(msgname=PContent::Reply_DiscardBrowsingContext) Channel closing: too late to send/recv, messages will be lost


###!!! [Child][PContentChild] Error: Send(msgname=PContent::Msg_ScriptError) Channel closing: too late to send/recv, messages will be lost


###!!! [Child][PContentChild] Error: RunMessage(msgname=PHttpChannel::Msg_DeleteSelf) Channel closing: too late to send/recv, messages will be lost


###!!! [Child][PContentChild] Error: Send(msgname=PContent::Msg_ScriptError) Channel closing: too late to send/recv, messages will be lost


###!!! [Child][PContentChild] Error: RunMessage(msgname=PHttpChannel::Msg_DeleteSelf) Channel closing: too late to send/recv, messages will be lost


###!!! [Child][PContentChild] Error: Send(msgname=PContent::Msg_ScriptError) Channel closing: too late to send/recv, messages will be lost


###!!! [Child][PContentChild] Error: Send(msgname=PContent::Msg_ScriptError) Channel closing: too late to send/recv, messages will be lost


###!!! [Child][PContentChild] Error: RunMessage(msgname=PHttpChannel::Msg_DeleteSelf) Channel closing: too late to send/recv, messages will be lost


###!!! [Child][PContentChild] Error: RunMessage(msgname=PHttpChannel::Msg_DeleteSelf) Channel closing: too late to send/recv, messages will be lost

1646841639533	geckodriver	INFO	Listening on 127.0.0.1:53316
1646841642679	mozrunner::runner	INFO	Running command: "C:\\Program Files\\Mozilla Firefox\\firefox.exe" "--marionette" "--remote-debugging-port" "53317" "-no-remote" "-profile" "C:\\Users\\GUNJAN~1\\AppData\\Local\\Temp\\rust_mozprofilengypZw"
1646841644172	Marionette	INFO	Marionette enabled
console.warn: SearchSettings: "get: No settings file exists, new profile?" (new NotFoundError("Could not open the file at C:\\Users\\Gunjan Kaushik\\AppData\\Local\\Temp\\rust_mozprofilengypZw\\search.json.mozlz4", (void 0)))
DevTools listening on ws://localhost:53317/devtools/browser/e177cf0a-7bea-4eb2-be13-d4a88c383503
1646841647521	Marionette	INFO	Listening on port 53322
1646841648015	RemoteAgent	WARN	TLS certificate errors will be ignored for this session
1646841655733	Marionette	INFO	Stopped listening on port 53322
console.warn: TopSitesFeed: Failed to fetch data from Contile server: NetworkError when attempting to fetch resource.
JavaScript error: chrome://remote/content/marionette/cert.js, line 55: NS_ERROR_NOT_AVAILABLE: Component returned failure code: 0x80040111 (NS_ERROR_NOT_AVAILABLE) [nsICertOverrideService.setDisableAllSecurityChecksAndLetAttackersInterceptMyData]

###!!! [Parent][PGPUParent] Error: RunMessage(msgname=PGPU::Msg_ShutdownVR) Channel closing: too late to send/recv, messages will be lost

1646841898820	geckodriver	INFO	Listening on 127.0.0.1:53487
1646841901898	mozrunner::runner	INFO	Running command: "C:\\Program Files\\Mozilla Firefox\\firefox.exe" "--marionette" "--remote-debugging-port" "53488" "-no-remote" "-profile" "C:\\Users\\GUNJAN~1\\AppData\\Local\\Temp\\rust_mozprofileil81zp"
1646841902595	Marionette	INFO	Marionette enabled
console.warn: SearchSettings: "get: No settings file exists, new profile?" (new NotFoundError("Could not open the file at C:\\Users\\Gunjan Kaushik\\AppData\\Local\\Temp\\rust_mozprofileil81zp\\search.json.mozlz4", (void 0)))
DevTools listening on ws://localhost:53488/devtools/browser/9cbf5972-62a6-451c-b68a-9d79befe4f2b
1646841905059	Marionette	INFO	Listening on port 53493
1646841905093	RemoteAgent	WARN	TLS certificate errors will be ignored for this session
1646841913533	Marionette	INFO	Stopped listening on port 53493
JavaScript error: resource://gre/modules/Sqlite.jsm, line 1105: Error: Sqlite.jsm has been shutdown. Cannot open connection to: C:\Users\Gunjan Kaushik\AppData\Local\Temp\rust_mozprofileil81zp\protections.sqlite

###!!! [Child][PContentChild] Error: Send(msgname=PHttpChannel::Msg_Cancel) Channel closing: too late to send/recv, messages will be lost


###!!! [Child][PContentChild] Error: Send(msgname=PHttpChannel::Msg_DeletingChannel) Channel closing: too late to send/recv, messages will be lost


###!!! [Child][PContentChild] Error: Send(msgname=PHttpChannel::Msg_Cancel) Channel closing: too late to send/recv, messages will be lost


###!!! [Child][PContentChild] Error: Send(msgname=PHttpChannel::Msg_DeletingChannel) Channel closing: too late to send/recv, messages will be lost


###!!! [Child][PContentChild] Error: Send(msgname=PHttpChannel::Msg_Cancel) Channel closing: too late to send/recv, messages will be lost


###!!! [Child][PContentChild] Error: Send(msgname=PHttpChannel::Msg_DeletingChannel) Channel closing: too late to send/recv, messages will be lost


###!!! [Child][PContentChild] Error: Send(msgname=PHttpChannel::Msg_Cancel) Channel closing: too late to send/recv, messages will be lost


###!!! [Child][PContentChild] Error: Send(msgname=PHttpChannel::Msg_DeletingChannel) Channel closing: too late to send/recv, messages will be lost


###!!! [Child][PContentChild] Error: RunMessage(msgname=PHttpChannel::Msg_DeleteSelf) Channel closing: too late to send/recv, messages will be lost


###!!! [Child][PContentChild] Error: RunMessage(msgname=PContent::Msg_DestroyBrowsingContextGroup) Channel closing: too late to send/recv, messages will be lost


###!!! [Child][PContentChild] Error: RunMessage(msgname=PContent::Reply_DiscardBrowsingContext) Channel closing: too late to send/recv, messages will be lost


###!!! [Child][PContentChild] Error: RunMessage(msgname=PHttpChannel::Msg_DeleteSelf) Channel closing: too late to send/recv, messages will be lost

1646842378116	geckodriver	INFO	Listening on 127.0.0.1:53788
1646842381187	mozrunner::runner	INFO	Running command: "C:\\Program Files\\Mozilla Firefox\\firefox.exe" "--marionette" "--remote-debugging-port" "53789" "-no-remote" "-profile" "C:\\Users\\GUNJAN~1\\AppData\\Local\\Temp\\rust_mozprofileBphKCc"
1646842381767	Marionette	INFO	Marionette enabled
console.warn: SearchSettings: "get: No settings file exists, new profile?" (new NotFoundError("Could not open the file at C:\\Users\\Gunjan Kaushik\\AppData\\Local\\Temp\\rust_mozprofileBphKCc\\search.json.mozlz4", (void 0)))
DevTools listening on ws://localhost:53789/devtools/browser/49ad1224-0a59-4c2d-812a-d8925c3c4e34
1646842385084	Marionette	INFO	Listening on port 53799
1646842385417	RemoteAgent	WARN	TLS certificate errors will be ignored for this session
1646842389162	Marionette	INFO	Stopped listening on port 53799

###!!! [Child][PContentChild] Error: Send(msgname=PHttpChannel::Msg_DeletingChannel) Channel closing: too late to send/recv, messages will be lost


###!!! [Child][PContentChild] Error: Send(msgname=PHttpChannel::Msg_DeletingChannel) Channel closing: too late to send/recv, messages will be lost


###!!! [Child][PContentChild] Error: Send(msgname=PHttpChannel::Msg_RemoveCorsPreflightCacheEntry) Channel closing: too late to send/recv, messages will be lost


###!!! [Child][PContentChild] Error: Send(msgname=PHttpChannel::Msg_DeletingChannel) Channel closing: too late to send/recv, messages will be lost


###!!! [Child][PContentChild] Error: Send(msgname=PHttpChannel::Msg_RemoveCorsPreflightCacheEntry) Channel closing: too late to send/recv, messages will be lost


###!!! [Child][PContentChild] Error: Send(msgname=PHttpChannel::Msg_DeletingChannel) Channel closing: too late to send/recv, messages will be lost


###!!! [Child][PContentChild] Error: Send(msgname=PHttpChannel::Msg_DeletingChannel) Channel closing: too late to send/recv, messages will be lost


###!!! [Child][PContentChild] Error: Send(msgname=PHttpChannel::Msg_DeletingChannel) Channel closing: too late to send/recv, messages will be lost


###!!! [Child][PContentChild] Error: Send(msgname=PHttpChannel::Msg_DeletingChannel) Channel closing: too late to send/recv, messages will be lost


###!!! [Child][PContentChild] Error: Send(msgname=PHttpChannel::Msg_DeletingChannel) Channel closing: too late to send/recv, messages will be lost


###!!! [Child][PContentChild] Error: Send(msgname=PHttpChannel::Msg_DeletingChannel) Channel closing: too late to send/recv, messages will be lost


###!!! [Child][PContentChild] Error: Send(msgname=PHttpChannel::Msg_DeletingChannel) Channel closing: too late to send/recv, messages will be lost


###!!! [Child][PContentChild] Error: Send(msgname=PHttpChannel::Msg_RemoveCorsPreflightCacheEntry) Channel closing: too late to send/recv, messages will be lost


###!!! [Child][PContentChild] Error: Send(msgname=PHttpChannel::Msg_DeletingChannel) Channel closing: too late to send/recv, messages will be lost


###!!! [Child][PContentChild] Error: Send(msgname=PHttpChannel::Msg_Cancel) Channel closing: too late to send/recv, messages will be lost


###!!! [Child][PContentChild] Error: Send(msgname=PHttpChannel::Msg_DeletingChannel) Channel closing: too late to send/recv, messages will be lost


###!!! [Child][PContentChild] Error: Send(msgname=PHttpChannel::Msg_Cancel) Channel closing: too late to send/recv, messages will be lost


###!!! [Child][PContentChild] Error: Send(msgname=PHttpChannel::Msg_DeletingChannel) Channel closing: too late to send/recv, messages will be lost


###!!! [Child][PContentChild] Error: RunMessage(msgname=PContent::Reply_DiscardBrowsingContext) Channel closing: too late to send/recv, messages will be lost


###!!! [Child][PContentChild] Error: RunMessage(msgname=PContent::Msg_DestroyBrowsingContextGroup) Channel closing: too late to send/recv, messages will be lost


###!!! [Child][PContentChild] Error: RunMessage(msgname=PContent::Reply_DiscardBrowsingContext) Channel closing: too late to send/recv, messages will be lost


###!!! [Child][PContentChild] Error: RunMessage(msgname=PHttpChannel::Msg_DeleteSelf) Channel closing: too late to send/recv, messages will be lost


###!!! [Child][PContentChild] Error: Send(msgname=PContent::Msg_ScriptError) Channel closing: too late to send/recv, messages will be lost


###!!! [Child][PContentChild] Error: RunMessage(msgname=PHttpChannel::Msg_DeleteSelf) Channel closing: too late to send/recv, messages will be lost


###!!! [Child][PContentChild] Error: Send(msgname=PContent::Msg_ScriptError) Channel closing: too late to send/recv, messages will be lost

1646842423475	geckodriver	INFO	Listening on 127.0.0.1:53903
1646842426569	mozrunner::runner	INFO	Running command: "C:\\Program Files\\Mozilla Firefox\\firefox.exe" "--marionette" "--remote-debugging-port" "53904" "-no-remote" "-profile" "C:\\Users\\GUNJAN~1\\AppData\\Local\\Temp\\rust_mozprofilegKF73t"
1646842426971	Marionette	INFO	Marionette enabled
console.warn: SearchSettings: "get: No settings file exists, new profile?" (new NotFoundError("Could not open the file at C:\\Users\\Gunjan Kaushik\\AppData\\Local\\Temp\\rust_mozprofilegKF73t\\search.json.mozlz4", (void 0)))
DevTools listening on ws://localhost:53904/devtools/browser/9a6a7578-1165-419a-bc50-67d6d2fade31
1646842429497	Marionette	INFO	Listening on port 53910
1646842429815	RemoteAgent	WARN	TLS certificate errors will be ignored for this session
1646842438381	Marionette	INFO	Stopped listening on port 53910
JavaScript error: resource://gre/modules/Sqlite.jsm, line 1105: Error: Sqlite.jsm has been shutdown. Cannot open connection to: C:\Users\Gunjan Kaushik\AppData\Local\Temp\rust_mozprofilegKF73t\protections.sqlite

###!!! [Parent][PContentParent] Error: Send(msgname=PContent::Msg_DestroyBrowsingContextGroup) Closed channel: cannot send/recv


###!!! [Parent][PContentParent] Error: Send(msgname=PContent::Reply_DiscardBrowsingContext) Closed channel: cannot send/recv

